This file contains any messages produced by compilers while
running configure, to aid debugging if configure makes a mistake.

It was created by configure, which was
generated by GNU Autoconf 2.68.  Invocation command line was

  $ ../../../../src/libgloss/libnosys/configure --disable-option-checking --prefix=/home/parallels/nautilus_newlib/newlib --with-newlib --with-cross-host=x86_64-pc-linux-gnu --disable-multilib --disable-shared --disable-reentrant --program-transform-name=s&^&x86_64-pc-nautilus-& --with-target-subdir=x86_64-pc-nautilus --build=x86_64-pc-linux-gnu --host=x86_64-pc-nautilus --target=x86_64-pc-nautilus build_alias=x86_64-pc-linux-gnu host_alias=x86_64-pc-nautilus target_alias=x86_64-pc-nautilus --cache-file=.././config.cache --srcdir=../../../../src/libgloss/libnosys

## --------- ##
## Platform. ##
## --------- ##

hostname = ubuntu
uname -m = x86_64
uname -r = 3.13.0-34-generic
uname -s = Linux
uname -v = #60-Ubuntu SMP Wed Aug 13 15:45:27 UTC 2014

/usr/bin/uname -p = unknown
/bin/uname -X     = unknown

/bin/arch              = unknown
/usr/bin/arch -k       = unknown
/usr/convex/getsysinfo = unknown
/usr/bin/hostinfo      = unknown
/bin/machine           = unknown
/usr/bin/oslevel       = unknown
/bin/universe          = unknown

PATH: /home/parallels/.cargo/bin
PATH: /home/parallels/.cargo/bin
PATH: /home/parallels/.cargo/bin
PATH: /home/parallels/.cargo/bin
PATH: /home/parallels/.cargo/bin
PATH: /home/parallels/.cargo/bin
PATH: /home/parallels/.cargo/bin
PATH: /home/parallels/bin
PATH: /usr/local/sbin
PATH: /usr/local/bin
PATH: /usr/sbin
PATH: /usr/bin
PATH: /sbin
PATH: /bin
PATH: /usr/games
PATH: /usr/local/games


## ----------- ##
## Core tests. ##
## ----------- ##

configure:1662: loading cache .././config.cache
configure:1793: checking build system type
configure:1807: result: x86_64-pc-linux-gnu
configure:1827: checking host system type
configure:1840: result: x86_64-pc-nautilus
configure:1860: checking target system type
configure:1873: result: x86_64-pc-nautilus
configure:1925: checking for a BSD-compatible install
configure:1993: result: /usr/bin/install -c
configure:2146: checking for symbol prefix
configure:2156: gcc -B/home/parallels/nautilus_newlib/newlib/build/x86_64-pc-nautilus/newlib/ -isystem /home/parallels/nautilus_newlib/newlib/build/x86_64-pc-nautilus/newlib/targ-include -isystem /home/parallels/nautilus_newlib/newlib/src/newlib/libc/include -B/home/parallels/nautilus_newlib/newlib/build/x86_64-pc-nautilus/libgloss/x86_64 -L/home/parallels/nautilus_newlib/newlib/build/x86_64-pc-nautilus/libgloss/libnosys -L/home/parallels/nautilus_newlib/newlib/src/libgloss/x86_64    -S conftest.c -o - | fgrep $foo > /dev/null
conftest.c:1:1: warning: return type defaults to 'int' [-Wimplicit-int]
 foo () { }
 ^~~
configure:2159: $? = 1
configure:2165: gcc -B/home/parallels/nautilus_newlib/newlib/build/x86_64-pc-nautilus/newlib/ -isystem /home/parallels/nautilus_newlib/newlib/build/x86_64-pc-nautilus/newlib/targ-include -isystem /home/parallels/nautilus_newlib/newlib/src/newlib/libc/include -B/home/parallels/nautilus_newlib/newlib/build/x86_64-pc-nautilus/libgloss/x86_64 -L/home/parallels/nautilus_newlib/newlib/build/x86_64-pc-nautilus/libgloss/libnosys -L/home/parallels/nautilus_newlib/newlib/src/libgloss/x86_64    -S conftest.c -o - | fgrep _foo > /dev/null
conftest.c:1:1: warning: return type defaults to 'int' [-Wimplicit-int]
 foo () { }
 ^~~
configure:2168: $? = 1
configure:2176: result: none
configure:2209: checking for style of include used by make
configure:2237: result: GNU
configure:2264: checking for gcc
configure:2291: result: gcc -B/home/parallels/nautilus_newlib/newlib/build/x86_64-pc-nautilus/newlib/ -isystem /home/parallels/nautilus_newlib/newlib/build/x86_64-pc-nautilus/newlib/targ-include -isystem /home/parallels/nautilus_newlib/newlib/src/newlib/libc/include -B/home/parallels/nautilus_newlib/newlib/build/x86_64-pc-nautilus/libgloss/x86_64 -L/home/parallels/nautilus_newlib/newlib/build/x86_64-pc-nautilus/libgloss/libnosys -L/home/parallels/nautilus_newlib/newlib/src/libgloss/x86_64   
configure:2302: checking dependency style of gcc -B/home/parallels/nautilus_newlib/newlib/build/x86_64-pc-nautilus/newlib/ -isystem /home/parallels/nautilus_newlib/newlib/build/x86_64-pc-nautilus/newlib/targ-include -isystem /home/parallels/nautilus_newlib/newlib/src/newlib/libc/include -B/home/parallels/nautilus_newlib/newlib/build/x86_64-pc-nautilus/libgloss/x86_64 -L/home/parallels/nautilus_newlib/newlib/build/x86_64-pc-nautilus/libgloss/libnosys -L/home/parallels/nautilus_newlib/newlib/src/libgloss/x86_64   
configure:2392: result: gcc3
configure:2467: checking whether we are using GNU C
configure:2488: result: yes
configure:2498: checking whether gcc -B/home/parallels/nautilus_newlib/newlib/build/x86_64-pc-nautilus/newlib/ -isystem /home/parallels/nautilus_newlib/newlib/build/x86_64-pc-nautilus/newlib/targ-include -isystem /home/parallels/nautilus_newlib/newlib/src/newlib/libc/include -B/home/parallels/nautilus_newlib/newlib/build/x86_64-pc-nautilus/libgloss/x86_64 -L/home/parallels/nautilus_newlib/newlib/build/x86_64-pc-nautilus/libgloss/libnosys -L/home/parallels/nautilus_newlib/newlib/src/libgloss/x86_64    accepts -g
configure:2559: result: no
configure:2597: checking for x86_64-pc-nautilus-ranlib
configure:2624: result: ranlib
configure:2767: updating cache .././config.cache
configure:2824: creating ./config.status

## ---------------------- ##
## Running config.status. ##
## ---------------------- ##

This file was extended by config.status, which was
generated by GNU Autoconf 2.68.  Invocation command line was

  CONFIG_FILES    = 
  CONFIG_HEADERS  = 
  CONFIG_LINKS    = 
  CONFIG_COMMANDS = 
  $ ./config.status 

on ubuntu

config.status:876: creating Makefile
config.status:876: creating config.h
config.status:1055: executing depfiles commands

## ---------------- ##
## Cache variables. ##
## ---------------- ##

ac_cv_build=x86_64-pc-linux-gnu
ac_cv_c_compiler_gnu=yes
ac_cv_env_CCASFLAGS_set=
ac_cv_env_CCASFLAGS_value=
ac_cv_env_CCAS_set=
ac_cv_env_CCAS_value=
ac_cv_env_build_alias_set=set
ac_cv_env_build_alias_value=x86_64-pc-linux-gnu
ac_cv_env_host_alias_set=set
ac_cv_env_host_alias_value=x86_64-pc-nautilus
ac_cv_env_target_alias_set=set
ac_cv_env_target_alias_value=x86_64-pc-nautilus
ac_cv_host=x86_64-pc-nautilus
ac_cv_prog_AR=ar
ac_cv_prog_AWK=gawk
ac_cv_prog_CC='gcc -B/home/parallels/nautilus_newlib/newlib/build/x86_64-pc-nautilus/newlib/ -isystem /home/parallels/nautilus_newlib/newlib/build/x86_64-pc-nautilus/newlib/targ-include -isystem /home/parallels/nautilus_newlib/newlib/src/newlib/libc/include -B/home/parallels/nautilus_newlib/newlib/build/x86_64-pc-nautilus/libgloss/x86_64 -L/home/parallels/nautilus_newlib/newlib/build/x86_64-pc-nautilus/libgloss/libnosys -L/home/parallels/nautilus_newlib/newlib/src/libgloss/x86_64   '
ac_cv_prog_RANLIB=ranlib
ac_cv_prog_STRIP=x86_64-pc-nautilus-strip
ac_cv_prog_cc_g=no
ac_cv_prog_make_make_set=yes
ac_cv_target=x86_64-pc-nautilus
am_cv_CC_dependencies_compiler_type=gcc3
libc_cv_symbol_prefix=none

## ----------------- ##
## Output variables. ##
## ----------------- ##

AMDEPBACKSLASH='\'
AMDEP_FALSE='#'
AMDEP_TRUE=''
AR='ar'
AS='x86_64-pc-nautilus-as'
CC='gcc -B/home/parallels/nautilus_newlib/newlib/build/x86_64-pc-nautilus/newlib/ -isystem /home/parallels/nautilus_newlib/newlib/build/x86_64-pc-nautilus/newlib/targ-include -isystem /home/parallels/nautilus_newlib/newlib/src/newlib/libc/include -B/home/parallels/nautilus_newlib/newlib/build/x86_64-pc-nautilus/libgloss/x86_64 -L/home/parallels/nautilus_newlib/newlib/build/x86_64-pc-nautilus/libgloss/libnosys -L/home/parallels/nautilus_newlib/newlib/src/libgloss/x86_64   '
CCAS='gcc -B/home/parallels/nautilus_newlib/newlib/build/x86_64-pc-nautilus/newlib/ -isystem /home/parallels/nautilus_newlib/newlib/build/x86_64-pc-nautilus/newlib/targ-include -isystem /home/parallels/nautilus_newlib/newlib/src/newlib/libc/include -B/home/parallels/nautilus_newlib/newlib/build/x86_64-pc-nautilus/libgloss/x86_64 -L/home/parallels/nautilus_newlib/newlib/build/x86_64-pc-nautilus/libgloss/libnosys -L/home/parallels/nautilus_newlib/newlib/src/libgloss/x86_64   '
CCASFLAGS=''
CCDEPMODE='depmode=gcc3'
DEFS='-DHAVE_CONFIG_H'
DEPDIR='.deps'
ECHO_C=''
ECHO_N='-n'
ECHO_T=''
INSTALL_DATA='/usr/bin/install -c -m 644'
INSTALL_PROGRAM='/usr/bin/install -c'
INSTALL_SCRIPT='/usr/bin/install -c'
LD='x86_64-pc-nautilus-ld'
LIBOBJS=''
LIBS=''
LTLIBOBJS=''
PACKAGE_BUGREPORT=''
PACKAGE_NAME=''
PACKAGE_STRING=''
PACKAGE_TARNAME=''
PACKAGE_URL=''
PACKAGE_VERSION=''
PATH_SEPARATOR=':'
RANLIB='ranlib'
SHELL='/bin/bash'
am__fastdepCC_FALSE='#'
am__fastdepCC_TRUE=''
am__include='include'
am__leading_dot='.'
am__quote=''
bindir='${exec_prefix}/bin'
build='x86_64-pc-linux-gnu'
build_alias='x86_64-pc-linux-gnu'
build_cpu='x86_64'
build_os='linux-gnu'
build_vendor='pc'
datadir='${datarootdir}'
datarootdir='${prefix}/share'
docdir='${datarootdir}/doc/${PACKAGE}'
dvidir='${docdir}'
exec_prefix='${prefix}'
host='x86_64-pc-nautilus'
host_alias='x86_64-pc-nautilus'
host_cpu='x86_64'
host_makefile_frag_path='../../../../src/libgloss/libnosys/../config/default.mh'
host_os='nautilus'
host_vendor='pc'
htmldir='${docdir}'
includedir='${prefix}/include'
infodir='${datarootdir}/info'
libdir='${exec_prefix}/lib'
libexecdir='${exec_prefix}/libexec'
localedir='${datarootdir}/locale'
localstatedir='${prefix}/var'
mandir='${datarootdir}/man'
oldincludedir='/usr/include'
pdfdir='${docdir}'
prefix='/home/parallels/nautilus_newlib/newlib'
program_transform_name='s&^&x86_64-pc-nautilus-&'
psdir='${docdir}'
sbindir='${exec_prefix}/sbin'
sharedstatedir='${prefix}/com'
sysconfdir='${prefix}/etc'
target='x86_64-pc-nautilus'
target_alias='x86_64-pc-nautilus'
target_cpu='x86_64'
target_os='nautilus'
target_vendor='pc'

## ------------------- ##
## File substitutions. ##
## ------------------- ##

host_makefile_frag='../../../../src/libgloss/libnosys/../config/default.mh'

## ----------- ##
## confdefs.h. ##
## ----------- ##

/* confdefs.h */
#define PACKAGE_NAME ""
#define PACKAGE_TARNAME ""
#define PACKAGE_VERSION ""
#define PACKAGE_STRING ""
#define PACKAGE_BUGREPORT ""
#define PACKAGE_URL ""
#define HAVE_GNU_LD 1
#define MISSING_SYSCALL_NAMES 1
#define __SYMBOL_PREFIX ""

configure: exit 0
