This file contains any messages produced by compilers while
running configure, to aid debugging if configure makes a mistake.

It was created by libgloss configure LIBGLOSS_VERSION, which was
generated by GNU Autoconf 2.68.  Invocation command line was

  $ /home/parallels/nautilus_newlib/newlib/src/libgloss/configure --srcdir=../../../src/libgloss --cache-file=./config.cache --with-newlib --with-cross-host=x86_64-pc-linux-gnu --prefix=/home/parallels/nautilus_newlib/newlib --disable-multilib --disable-shared --disable-reentrant --program-transform-name=s&^&x86_64-pc-nautilus-& --disable-option-checking --with-target-subdir=x86_64-pc-nautilus --build=x86_64-pc-linux-gnu --host=x86_64-pc-nautilus --target=x86_64-pc-nautilus

## --------- ##
## Platform. ##
## --------- ##

hostname = ubuntu
uname -m = x86_64
uname -r = 3.13.0-34-generic
uname -s = Linux
uname -v = #60-Ubuntu SMP Wed Aug 13 15:45:27 UTC 2014

/usr/bin/uname -p = unknown
/bin/uname -X     = unknown

/bin/arch              = unknown
/usr/bin/arch -k       = unknown
/usr/convex/getsysinfo = unknown
/usr/bin/hostinfo      = unknown
/bin/machine           = unknown
/usr/bin/oslevel       = unknown
/bin/universe          = unknown

PATH: /home/parallels/.cargo/bin
PATH: /home/parallels/.cargo/bin
PATH: /home/parallels/.cargo/bin
PATH: /home/parallels/.cargo/bin
PATH: /home/parallels/.cargo/bin
PATH: /home/parallels/.cargo/bin
PATH: /home/parallels/.cargo/bin
PATH: /home/parallels/bin
PATH: /usr/local/sbin
PATH: /usr/local/bin
PATH: /usr/sbin
PATH: /usr/bin
PATH: /sbin
PATH: /bin
PATH: /usr/games
PATH: /usr/local/games


## ----------- ##
## Core tests. ##
## ----------- ##

configure:1736: creating cache ./config.cache
configure:1868: checking for a BSD-compatible install
configure:1936: result: /usr/bin/install -c
configure:1952: checking build system type
configure:1966: result: x86_64-pc-linux-gnu
configure:1986: checking host system type
configure:1999: result: x86_64-pc-nautilus
configure:2019: checking target system type
configure:2032: result: x86_64-pc-nautilus
configure:2060: checking whether build environment is sane
configure:2097: result: yes
configure:2159: checking for gawk
configure:2186: result: gawk
configure:2197: checking whether make sets $(MAKE)
configure:2219: result: yes
configure:2284: checking for x86_64-pc-nautilus-strip
configure:2311: result: x86_64-pc-nautilus-strip
configure:2604: checking for style of include used by make
configure:2632: result: GNU
configure:2659: checking for gcc
configure:2686: result: gcc -B/home/parallels/nautilus_newlib/newlib/build/x86_64-pc-nautilus/newlib/ -isystem /home/parallels/nautilus_newlib/newlib/build/x86_64-pc-nautilus/newlib/targ-include -isystem /home/parallels/nautilus_newlib/newlib/src/newlib/libc/include -B/home/parallels/nautilus_newlib/newlib/build/x86_64-pc-nautilus/libgloss/x86_64 -L/home/parallels/nautilus_newlib/newlib/build/x86_64-pc-nautilus/libgloss/libnosys -L/home/parallels/nautilus_newlib/newlib/src/libgloss/x86_64   
configure:2697: checking dependency style of gcc -B/home/parallels/nautilus_newlib/newlib/build/x86_64-pc-nautilus/newlib/ -isystem /home/parallels/nautilus_newlib/newlib/build/x86_64-pc-nautilus/newlib/targ-include -isystem /home/parallels/nautilus_newlib/newlib/src/newlib/libc/include -B/home/parallels/nautilus_newlib/newlib/build/x86_64-pc-nautilus/libgloss/x86_64 -L/home/parallels/nautilus_newlib/newlib/build/x86_64-pc-nautilus/libgloss/libnosys -L/home/parallels/nautilus_newlib/newlib/src/libgloss/x86_64   
configure:2787: result: gcc3
configure:2862: checking whether we are using GNU C
configure:2873: gcc -B/home/parallels/nautilus_newlib/newlib/build/x86_64-pc-nautilus/newlib/ -isystem /home/parallels/nautilus_newlib/newlib/build/x86_64-pc-nautilus/newlib/targ-include -isystem /home/parallels/nautilus_newlib/newlib/src/newlib/libc/include -B/home/parallels/nautilus_newlib/newlib/build/x86_64-pc-nautilus/libgloss/x86_64 -L/home/parallels/nautilus_newlib/newlib/build/x86_64-pc-nautilus/libgloss/libnosys -L/home/parallels/nautilus_newlib/newlib/src/libgloss/x86_64    -E conftest.c
configure:2876: $? = 0
configure:2883: result: yes
configure:2893: checking whether gcc -B/home/parallels/nautilus_newlib/newlib/build/x86_64-pc-nautilus/newlib/ -isystem /home/parallels/nautilus_newlib/newlib/build/x86_64-pc-nautilus/newlib/targ-include -isystem /home/parallels/nautilus_newlib/newlib/src/newlib/libc/include -B/home/parallels/nautilus_newlib/newlib/build/x86_64-pc-nautilus/libgloss/x86_64 -L/home/parallels/nautilus_newlib/newlib/build/x86_64-pc-nautilus/libgloss/libnosys -L/home/parallels/nautilus_newlib/newlib/src/libgloss/x86_64    accepts -g
configure:2913: gcc -B/home/parallels/nautilus_newlib/newlib/build/x86_64-pc-nautilus/newlib/ -isystem /home/parallels/nautilus_newlib/newlib/build/x86_64-pc-nautilus/newlib/targ-include -isystem /home/parallels/nautilus_newlib/newlib/src/newlib/libc/include -B/home/parallels/nautilus_newlib/newlib/build/x86_64-pc-nautilus/libgloss/x86_64 -L/home/parallels/nautilus_newlib/newlib/build/x86_64-pc-nautilus/libgloss/libnosys -L/home/parallels/nautilus_newlib/newlib/src/libgloss/x86_64    -c -g  conftest.c >&5
configure:2913: $? = 0
configure: failed program was:
| /* confdefs.h */
| #define PACKAGE_NAME "libgloss"
| #define PACKAGE_TARNAME "libgloss"
| #define PACKAGE_VERSION "LIBGLOSS_VERSION"
| #define PACKAGE_STRING "libgloss LIBGLOSS_VERSION"
| #define PACKAGE_BUGREPORT ""
| #define PACKAGE_URL ""
| /* end confdefs.h.  */
| 
| int
| main ()
| {
| 
|   ;
|   return 0;
| }
configure:2928: gcc -B/home/parallels/nautilus_newlib/newlib/build/x86_64-pc-nautilus/newlib/ -isystem /home/parallels/nautilus_newlib/newlib/build/x86_64-pc-nautilus/newlib/targ-include -isystem /home/parallels/nautilus_newlib/newlib/src/newlib/libc/include -B/home/parallels/nautilus_newlib/newlib/build/x86_64-pc-nautilus/libgloss/x86_64 -L/home/parallels/nautilus_newlib/newlib/build/x86_64-pc-nautilus/libgloss/libnosys -L/home/parallels/nautilus_newlib/newlib/src/libgloss/x86_64    -c   conftest.c >&5
configure:2928: $? = 0
configure: failed program was:
| /* confdefs.h */
| #define PACKAGE_NAME "libgloss"
| #define PACKAGE_TARNAME "libgloss"
| #define PACKAGE_VERSION "LIBGLOSS_VERSION"
| #define PACKAGE_STRING "libgloss LIBGLOSS_VERSION"
| #define PACKAGE_BUGREPORT ""
| #define PACKAGE_URL ""
| /* end confdefs.h.  */
| 
| int
| main ()
| {
| 
|   ;
|   return 0;
| }
configure:2944: gcc -B/home/parallels/nautilus_newlib/newlib/build/x86_64-pc-nautilus/newlib/ -isystem /home/parallels/nautilus_newlib/newlib/build/x86_64-pc-nautilus/newlib/targ-include -isystem /home/parallels/nautilus_newlib/newlib/src/newlib/libc/include -B/home/parallels/nautilus_newlib/newlib/build/x86_64-pc-nautilus/libgloss/x86_64 -L/home/parallels/nautilus_newlib/newlib/build/x86_64-pc-nautilus/libgloss/libnosys -L/home/parallels/nautilus_newlib/newlib/src/libgloss/x86_64    -c -g  conftest.c >&5
configure:2944: $? = 0
configure: failed program was:
| /* confdefs.h */
| #define PACKAGE_NAME "libgloss"
| #define PACKAGE_TARNAME "libgloss"
| #define PACKAGE_VERSION "LIBGLOSS_VERSION"
| #define PACKAGE_STRING "libgloss LIBGLOSS_VERSION"
| #define PACKAGE_BUGREPORT ""
| #define PACKAGE_URL ""
| /* end confdefs.h.  */
| 
| int
| main ()
| {
| 
|   ;
|   return 0;
| }
configure:2954: result: no
configure:2987: checking for ar
configure:3015: result: ar
configure:3030: checking for x86_64-pc-nautilus-ranlib
configure:3057: result: ranlib
configure:3207: updating cache ./config.cache
configure:3300: creating ./config.status

## ---------------------- ##
## Running config.status. ##
## ---------------------- ##

This file was extended by libgloss config.status LIBGLOSS_VERSION, which was
generated by GNU Autoconf 2.68.  Invocation command line was

  CONFIG_FILES    = 
  CONFIG_HEADERS  = 
  CONFIG_LINKS    = 
  CONFIG_COMMANDS = 
  $ ./config.status 

on ubuntu

config.status:829: creating Makefile
config.status:985: executing depfiles commands
configure:4542: === configuring in doc (/home/parallels/nautilus_newlib/newlib/build/x86_64-pc-nautilus/libgloss/doc)
configure:4605: running /bin/bash ../../../../src/libgloss/doc/configure --disable-option-checking '--prefix=/home/parallels/nautilus_newlib/newlib'  '--with-newlib' '--with-cross-host=x86_64-pc-linux-gnu' '--disable-multilib' '--disable-shared' '--disable-reentrant' '--program-transform-name=s&^&x86_64-pc-nautilus-&' '--with-target-subdir=x86_64-pc-nautilus' '--build=x86_64-pc-linux-gnu' '--host=x86_64-pc-nautilus' '--target=x86_64-pc-nautilus' 'build_alias=x86_64-pc-linux-gnu' 'host_alias=x86_64-pc-nautilus' 'target_alias=x86_64-pc-nautilus' --cache-file=.././config.cache --srcdir=../../../../src/libgloss/doc
configure:4542: === configuring in libnosys (/home/parallels/nautilus_newlib/newlib/build/x86_64-pc-nautilus/libgloss/libnosys)
configure:4605: running /bin/bash ../../../../src/libgloss/libnosys/configure --disable-option-checking '--prefix=/home/parallels/nautilus_newlib/newlib'  '--with-newlib' '--with-cross-host=x86_64-pc-linux-gnu' '--disable-multilib' '--disable-shared' '--disable-reentrant' '--program-transform-name=s&^&x86_64-pc-nautilus-&' '--with-target-subdir=x86_64-pc-nautilus' '--build=x86_64-pc-linux-gnu' '--host=x86_64-pc-nautilus' '--target=x86_64-pc-nautilus' 'build_alias=x86_64-pc-linux-gnu' 'host_alias=x86_64-pc-nautilus' 'target_alias=x86_64-pc-nautilus' --cache-file=.././config.cache --srcdir=../../../../src/libgloss/libnosys

## ---------------- ##
## Cache variables. ##
## ---------------- ##

ac_cv_build=x86_64-pc-linux-gnu
ac_cv_c_compiler_gnu=yes
ac_cv_env_CCASFLAGS_set=
ac_cv_env_CCASFLAGS_value=
ac_cv_env_CCAS_set=
ac_cv_env_CCAS_value=
ac_cv_env_build_alias_set=set
ac_cv_env_build_alias_value=x86_64-pc-linux-gnu
ac_cv_env_host_alias_set=set
ac_cv_env_host_alias_value=x86_64-pc-nautilus
ac_cv_env_target_alias_set=set
ac_cv_env_target_alias_value=x86_64-pc-nautilus
ac_cv_host=x86_64-pc-nautilus
ac_cv_prog_AR=ar
ac_cv_prog_AWK=gawk
ac_cv_prog_CC='gcc -B/home/parallels/nautilus_newlib/newlib/build/x86_64-pc-nautilus/newlib/ -isystem /home/parallels/nautilus_newlib/newlib/build/x86_64-pc-nautilus/newlib/targ-include -isystem /home/parallels/nautilus_newlib/newlib/src/newlib/libc/include -B/home/parallels/nautilus_newlib/newlib/build/x86_64-pc-nautilus/libgloss/x86_64 -L/home/parallels/nautilus_newlib/newlib/build/x86_64-pc-nautilus/libgloss/libnosys -L/home/parallels/nautilus_newlib/newlib/src/libgloss/x86_64   '
ac_cv_prog_RANLIB=ranlib
ac_cv_prog_STRIP=x86_64-pc-nautilus-strip
ac_cv_prog_cc_g=no
ac_cv_prog_make_make_set=yes
ac_cv_target=x86_64-pc-nautilus
am_cv_CC_dependencies_compiler_type=gcc3

## ----------------- ##
## Output variables. ##
## ----------------- ##

ACLOCAL='${SHELL} /home/parallels/nautilus_newlib/newlib/src/missing --run aclocal-1.9'
AMDEPBACKSLASH='\'
AMDEP_FALSE='#'
AMDEP_TRUE=''
AMTAR='${SHELL} /home/parallels/nautilus_newlib/newlib/src/missing --run tar'
AR='ar'
AS='x86_64-pc-nautilus-as'
AUTOCONF='${SHELL} /home/parallels/nautilus_newlib/newlib/src/missing --run autoconf'
AUTOHEADER='${SHELL} /home/parallels/nautilus_newlib/newlib/src/missing --run autoheader'
AUTOMAKE='${SHELL} /home/parallels/nautilus_newlib/newlib/src/missing --run automake-1.9'
AWK='gawk'
CC='gcc -B/home/parallels/nautilus_newlib/newlib/build/x86_64-pc-nautilus/newlib/ -isystem /home/parallels/nautilus_newlib/newlib/build/x86_64-pc-nautilus/newlib/targ-include -isystem /home/parallels/nautilus_newlib/newlib/src/newlib/libc/include -B/home/parallels/nautilus_newlib/newlib/build/x86_64-pc-nautilus/libgloss/x86_64 -L/home/parallels/nautilus_newlib/newlib/build/x86_64-pc-nautilus/libgloss/libnosys -L/home/parallels/nautilus_newlib/newlib/src/libgloss/x86_64   '
CCAS='gcc -B/home/parallels/nautilus_newlib/newlib/build/x86_64-pc-nautilus/newlib/ -isystem /home/parallels/nautilus_newlib/newlib/build/x86_64-pc-nautilus/newlib/targ-include -isystem /home/parallels/nautilus_newlib/newlib/src/newlib/libc/include -B/home/parallels/nautilus_newlib/newlib/build/x86_64-pc-nautilus/libgloss/x86_64 -L/home/parallels/nautilus_newlib/newlib/build/x86_64-pc-nautilus/libgloss/libnosys -L/home/parallels/nautilus_newlib/newlib/src/libgloss/x86_64   '
CCASFLAGS=''
CCDEPMODE='depmode=gcc3'
CYGPATH_W='echo'
DEFS='-DPACKAGE_NAME=\"libgloss\" -DPACKAGE_TARNAME=\"libgloss\" -DPACKAGE_VERSION=\"LIBGLOSS_VERSION\" -DPACKAGE_STRING=\"libgloss\ LIBGLOSS_VERSION\" -DPACKAGE_BUGREPORT=\"\" -DPACKAGE_URL=\"\"'
DEPDIR='.deps'
ECHO_C=''
ECHO_N='-n'
ECHO_T=''
INSTALL_DATA='/usr/bin/install -c -m 644'
INSTALL_PROGRAM='/usr/bin/install -c'
INSTALL_SCRIPT='/usr/bin/install -c'
INSTALL_STRIP_PROGRAM='${SHELL} $(install_sh) -c -s'
LD='x86_64-pc-nautilus-ld'
LIBOBJS=''
LIBS=''
LTLIBOBJS=''
MAKEINFO='makeinfo --split-size=5000000'
PACKAGE='libgloss'
PACKAGE_BUGREPORT=''
PACKAGE_NAME='libgloss'
PACKAGE_STRING='libgloss LIBGLOSS_VERSION'
PACKAGE_TARNAME='libgloss'
PACKAGE_URL=''
PACKAGE_VERSION='LIBGLOSS_VERSION'
PATH_SEPARATOR=':'
RANLIB='ranlib'
SET_MAKE=''
SHELL='/bin/bash'
STRIP='x86_64-pc-nautilus-strip'
VERSION='LIBGLOSS_VERSION'
am__fastdepCC_FALSE='#'
am__fastdepCC_TRUE=''
am__include='include'
am__leading_dot='.'
am__quote=''
am__tar='${AMTAR} chof - "$$tardir"'
am__untar='${AMTAR} xf -'
bindir='${exec_prefix}/bin'
build='x86_64-pc-linux-gnu'
build_alias='x86_64-pc-linux-gnu'
build_cpu='x86_64'
build_os='linux-gnu'
build_vendor='pc'
datadir='${datarootdir}'
datarootdir='${prefix}/share'
docdir='${datarootdir}/doc/${PACKAGE_TARNAME}'
dvidir='${docdir}'
exec_prefix='${prefix}'
host='x86_64-pc-nautilus'
host_alias='x86_64-pc-nautilus'
host_cpu='x86_64'
host_makefile_frag_path='../../../src/libgloss/config/default.mh'
host_os='nautilus'
host_vendor='pc'
htmldir='${docdir}'
includedir='${prefix}/include'
infodir='${datarootdir}/info'
install_sh='/home/parallels/nautilus_newlib/newlib/src/install-sh'
libdir='${exec_prefix}/lib'
libexecdir='${exec_prefix}/libexec'
localedir='${datarootdir}/locale'
localstatedir='${prefix}/var'
mandir='${datarootdir}/man'
mkdir_p='mkdir -p --'
oldincludedir='/usr/include'
pdfdir='${docdir}'
prefix='/home/parallels/nautilus_newlib/newlib'
program_transform_name='s&^&x86_64-pc-nautilus-&'
psdir='${docdir}'
sbindir='${exec_prefix}/sbin'
sharedstatedir='${prefix}/com'
subdirs=' doc libnosys'
sysconfdir='${prefix}/etc'
target='x86_64-pc-nautilus'
target_alias='x86_64-pc-nautilus'
target_cpu='x86_64'
target_os='nautilus'
target_vendor='pc'

## ------------------- ##
## File substitutions. ##
## ------------------- ##

host_makefile_frag='../../../src/libgloss/config/default.mh'

## ----------- ##
## confdefs.h. ##
## ----------- ##

/* confdefs.h */
#define PACKAGE_NAME "libgloss"
#define PACKAGE_TARNAME "libgloss"
#define PACKAGE_VERSION "LIBGLOSS_VERSION"
#define PACKAGE_STRING "libgloss LIBGLOSS_VERSION"
#define PACKAGE_BUGREPORT ""
#define PACKAGE_URL ""

configure: exit 0
