This file contains any messages produced by compilers while
running configure, to aid debugging if configure makes a mistake.

It was created by newlib configure 2.5.0, which was
generated by GNU Autoconf 2.68.  Invocation command line was

  $ ../../../../src/newlib/doc/configure --disable-option-checking --prefix=/home/parallels/nautilus_newlib/newlib --with-newlib --with-cross-host=x86_64-pc-linux-gnu --disable-multilib --disable-shared --disable-reentrant --program-transform-name=s&^&x86_64-pc-nautilus-& --with-target-subdir=x86_64-pc-nautilus --build=x86_64-pc-linux-gnu --host=x86_64-pc-nautilus --target=x86_64-pc-nautilus build_alias=x86_64-pc-linux-gnu host_alias=x86_64-pc-nautilus target_alias=x86_64-pc-nautilus CC=gcc -B/home/parallels/nautilus_newlib/newlib/build/x86_64-pc-nautilus/newlib/ -isystem /home/parallels/nautilus_newlib/newlib/build/x86_64-pc-nautilus/newlib/targ-include -isystem /home/parallels/nautilus_newlib/newlib/src/newlib/libc/include -B/home/parallels/nautilus_newlib/newlib/build/x86_64-pc-nautilus/libgloss/x86_64 -L/home/parallels/nautilus_newlib/newlib/build/x86_64-pc-nautilus/libgloss/libnosys -L/home/parallels/nautilus_newlib/newlib/src/libgloss/x86_64    CFLAGS=-g -O2 LDFLAGS= CPPFLAGS= --cache-file=.././config.cache --srcdir=../../../../src/newlib/doc

## --------- ##
## Platform. ##
## --------- ##

hostname = ubuntu
uname -m = x86_64
uname -r = 3.13.0-34-generic
uname -s = Linux
uname -v = #60-Ubuntu SMP Wed Aug 13 15:45:27 UTC 2014

/usr/bin/uname -p = unknown
/bin/uname -X     = unknown

/bin/arch              = unknown
/usr/bin/arch -k       = unknown
/usr/convex/getsysinfo = unknown
/usr/bin/hostinfo      = unknown
/bin/machine           = unknown
/usr/bin/oslevel       = unknown
/bin/universe          = unknown

PATH: /home/parallels/.cargo/bin
PATH: /home/parallels/.cargo/bin
PATH: /home/parallels/.cargo/bin
PATH: /home/parallels/.cargo/bin
PATH: /home/parallels/.cargo/bin
PATH: /home/parallels/.cargo/bin
PATH: /home/parallels/.cargo/bin
PATH: /home/parallels/bin
PATH: /usr/local/sbin
PATH: /usr/local/bin
PATH: /usr/sbin
PATH: /usr/bin
PATH: /sbin
PATH: /bin
PATH: /usr/games
PATH: /usr/local/games


## ----------- ##
## Core tests. ##
## ----------- ##

configure:1730: loading cache .././config.cache
configure:1848: checking build system type
configure:1862: result: x86_64-pc-linux-gnu
configure:1882: checking host system type
configure:1895: result: x86_64-pc-nautilus
configure:1931: checking for a BSD-compatible install
configure:1999: result: /usr/bin/install -c
configure:2010: checking whether build environment is sane
configure:2065: result: yes
configure:2124: checking for x86_64-pc-nautilus-strip
configure:2151: result: x86_64-pc-nautilus-strip
configure:2216: checking for a thread-safe mkdir -p
configure:2255: result: /bin/mkdir -p
configure:2268: checking for gawk
configure:2295: result: gawk
configure:2306: checking whether make sets $(MAKE)
configure:2328: result: yes
configure:2358: checking for style of include used by make
configure:2386: result: GNU
configure:2596: checking for gcc
configure:2623: result: gcc -B/home/parallels/nautilus_newlib/newlib/build/x86_64-pc-nautilus/newlib/ -isystem /home/parallels/nautilus_newlib/newlib/build/x86_64-pc-nautilus/newlib/targ-include -isystem /home/parallels/nautilus_newlib/newlib/src/newlib/libc/include -B/home/parallels/nautilus_newlib/newlib/build/x86_64-pc-nautilus/libgloss/x86_64 -L/home/parallels/nautilus_newlib/newlib/build/x86_64-pc-nautilus/libgloss/libnosys -L/home/parallels/nautilus_newlib/newlib/src/libgloss/x86_64   
configure:2634: checking dependency style of gcc -B/home/parallels/nautilus_newlib/newlib/build/x86_64-pc-nautilus/newlib/ -isystem /home/parallels/nautilus_newlib/newlib/build/x86_64-pc-nautilus/newlib/targ-include -isystem /home/parallels/nautilus_newlib/newlib/src/newlib/libc/include -B/home/parallels/nautilus_newlib/newlib/build/x86_64-pc-nautilus/libgloss/x86_64 -L/home/parallels/nautilus_newlib/newlib/build/x86_64-pc-nautilus/libgloss/libnosys -L/home/parallels/nautilus_newlib/newlib/src/libgloss/x86_64   
configure:2745: result: gcc3
configure:2818: checking whether we are using GNU C
configure:2839: result: yes
configure:2848: checking whether gcc -B/home/parallels/nautilus_newlib/newlib/build/x86_64-pc-nautilus/newlib/ -isystem /home/parallels/nautilus_newlib/newlib/build/x86_64-pc-nautilus/newlib/targ-include -isystem /home/parallels/nautilus_newlib/newlib/src/newlib/libc/include -B/home/parallels/nautilus_newlib/newlib/build/x86_64-pc-nautilus/libgloss/x86_64 -L/home/parallels/nautilus_newlib/newlib/build/x86_64-pc-nautilus/libgloss/libnosys -L/home/parallels/nautilus_newlib/newlib/src/libgloss/x86_64    accepts -g
configure:2909: result: no
configure:2942: checking for x86_64-pc-nautilus-as
configure:2969: result: x86_64-pc-nautilus-as
configure:3034: checking for x86_64-pc-nautilus-ar
configure:3061: result: ar
configure:3126: checking for x86_64-pc-nautilus-ranlib
configure:3153: result: ranlib
configure:3218: checking for x86_64-pc-nautilus-readelf
configure:3245: result: x86_64-pc-nautilus-readelf
configure:3314: checking whether to enable maintainer-specific portions of Makefiles
configure:3323: result: no
configure:3447: checking for build system executable suffix
gcc: error: am_c_test.c: No such file or directory
gcc: fatal error: no input files
compilation terminated.
configure:3462: result: no
configure:3536: updating cache .././config.cache
configure:3620: checking that generated files are newer than configure
configure:3626: result: done
configure:3670: creating ./config.status

## ---------------------- ##
## Running config.status. ##
## ---------------------- ##

This file was extended by newlib config.status 2.5.0, which was
generated by GNU Autoconf 2.68.  Invocation command line was

  CONFIG_FILES    = 
  CONFIG_HEADERS  = 
  CONFIG_LINKS    = 
  CONFIG_COMMANDS = 
  $ ./config.status 

on ubuntu

config.status:824: creating Makefile
config.status:981: executing depfiles commands

## ---------------- ##
## Cache variables. ##
## ---------------- ##

ac_cv_build=x86_64-pc-linux-gnu
ac_cv_c_compiler_gnu=yes
ac_cv_env_CCASFLAGS_set=
ac_cv_env_CCASFLAGS_value=
ac_cv_env_CCAS_set=
ac_cv_env_CCAS_value=
ac_cv_env_CC_set=set
ac_cv_env_CC_value='gcc -B/home/parallels/nautilus_newlib/newlib/build/x86_64-pc-nautilus/newlib/ -isystem /home/parallels/nautilus_newlib/newlib/build/x86_64-pc-nautilus/newlib/targ-include -isystem /home/parallels/nautilus_newlib/newlib/src/newlib/libc/include -B/home/parallels/nautilus_newlib/newlib/build/x86_64-pc-nautilus/libgloss/x86_64 -L/home/parallels/nautilus_newlib/newlib/build/x86_64-pc-nautilus/libgloss/libnosys -L/home/parallels/nautilus_newlib/newlib/src/libgloss/x86_64   '
ac_cv_env_CFLAGS_set=set
ac_cv_env_CFLAGS_value='-g -O2'
ac_cv_env_CPPFLAGS_set=set
ac_cv_env_CPPFLAGS_value=
ac_cv_env_CPP_set=
ac_cv_env_CPP_value=
ac_cv_env_LDFLAGS_set=set
ac_cv_env_LDFLAGS_value=
ac_cv_env_LIBS_set=
ac_cv_env_LIBS_value=
ac_cv_env_build_alias_set=set
ac_cv_env_build_alias_value=x86_64-pc-linux-gnu
ac_cv_env_host_alias_set=set
ac_cv_env_host_alias_value=x86_64-pc-nautilus
ac_cv_env_target_alias_set=set
ac_cv_env_target_alias_value=x86_64-pc-nautilus
ac_cv_host=x86_64-pc-nautilus
ac_cv_objext=o
ac_cv_path_SED=/bin/sed
ac_cv_path_mkdir=/bin/mkdir
ac_cv_prog_AR=ar
ac_cv_prog_AS=x86_64-pc-nautilus-as
ac_cv_prog_AWK=gawk
ac_cv_prog_CC='gcc -B/home/parallels/nautilus_newlib/newlib/build/x86_64-pc-nautilus/newlib/ -isystem /home/parallels/nautilus_newlib/newlib/build/x86_64-pc-nautilus/newlib/targ-include -isystem /home/parallels/nautilus_newlib/newlib/src/newlib/libc/include -B/home/parallels/nautilus_newlib/newlib/build/x86_64-pc-nautilus/libgloss/x86_64 -L/home/parallels/nautilus_newlib/newlib/build/x86_64-pc-nautilus/libgloss/libnosys -L/home/parallels/nautilus_newlib/newlib/src/libgloss/x86_64   '
ac_cv_prog_RANLIB=ranlib
ac_cv_prog_READELF=x86_64-pc-nautilus-readelf
ac_cv_prog_STRIP=x86_64-pc-nautilus-strip
ac_cv_prog_cc_c89=
ac_cv_prog_cc_g=no
ac_cv_prog_make_make_set=yes
acnewlib_cv_type_long_double=yes
am_cv_CC_dependencies_compiler_type=gcc3
libc_cv_cc_loop_to_function=yes
libc_cv_initfinit_array=no
newlib_cv_build_exeext=no
newlib_cv_ldbl_eq_dbl=no

## ----------------- ##
## Output variables. ##
## ----------------- ##

ACLOCAL='${SHELL} /home/parallels/nautilus_newlib/newlib/src/missing --run aclocal-1.12'
AMDEPBACKSLASH='\'
AMDEP_FALSE='#'
AMDEP_TRUE=''
AMTAR='$${TAR-tar}'
AR='ar'
AS='x86_64-pc-nautilus-as'
AUTOCONF='${SHELL} /home/parallels/nautilus_newlib/newlib/src/missing --run autoconf'
AUTOHEADER='${SHELL} /home/parallels/nautilus_newlib/newlib/src/missing --run autoheader'
AUTOMAKE='${SHELL} /home/parallels/nautilus_newlib/newlib/src/missing --run automake-1.12'
AWK='gawk'
CC='gcc -B/home/parallels/nautilus_newlib/newlib/build/x86_64-pc-nautilus/newlib/ -isystem /home/parallels/nautilus_newlib/newlib/build/x86_64-pc-nautilus/newlib/targ-include -isystem /home/parallels/nautilus_newlib/newlib/src/newlib/libc/include -B/home/parallels/nautilus_newlib/newlib/build/x86_64-pc-nautilus/libgloss/x86_64 -L/home/parallels/nautilus_newlib/newlib/build/x86_64-pc-nautilus/libgloss/libnosys -L/home/parallels/nautilus_newlib/newlib/src/libgloss/x86_64   '
CCAS='gcc -B/home/parallels/nautilus_newlib/newlib/build/x86_64-pc-nautilus/newlib/ -isystem /home/parallels/nautilus_newlib/newlib/build/x86_64-pc-nautilus/newlib/targ-include -isystem /home/parallels/nautilus_newlib/newlib/src/newlib/libc/include -B/home/parallels/nautilus_newlib/newlib/build/x86_64-pc-nautilus/libgloss/x86_64 -L/home/parallels/nautilus_newlib/newlib/build/x86_64-pc-nautilus/libgloss/libnosys -L/home/parallels/nautilus_newlib/newlib/src/libgloss/x86_64   '
CCASFLAGS='-g -O2'
CCDEPMODE='depmode=gcc3'
CC_FOR_BUILD='gcc'
CYGPATH_W='echo'
DEFS='-DPACKAGE_NAME=\"newlib\" -DPACKAGE_TARNAME=\"newlib\" -DPACKAGE_VERSION=\"2.5.0\" -DPACKAGE_STRING=\"newlib\ 2.5.0\" -DPACKAGE_BUGREPORT=\"\" -DPACKAGE_URL=\"\"'
DEPDIR='.deps'
ECHO_C=''
ECHO_N='-n'
ECHO_T=''
ELIX_LEVEL_0_FALSE='#'
ELIX_LEVEL_0_TRUE=''
ELIX_LEVEL_1_FALSE=''
ELIX_LEVEL_1_TRUE='#'
ELIX_LEVEL_2_FALSE=''
ELIX_LEVEL_2_TRUE='#'
ELIX_LEVEL_3_FALSE=''
ELIX_LEVEL_3_TRUE='#'
ELIX_LEVEL_4_FALSE=''
ELIX_LEVEL_4_TRUE='#'
EXEEXT_FOR_BUILD=''
INSTALL_DATA='/usr/bin/install -c -m 644'
INSTALL_PROGRAM='/usr/bin/install -c'
INSTALL_SCRIPT='/usr/bin/install -c'
INSTALL_STRIP_PROGRAM='$(install_sh) -c -s'
LDFLAGS=''
LIBOBJS=''
LIBS=''
LTLIBOBJS=''
MAINT='#'
MAINTAINER_MODE_FALSE=''
MAINTAINER_MODE_TRUE='#'
MAKEINFO='makeinfo --split-size=5000000'
MAY_SUPPLY_SYSCALLS_FALSE='#'
MAY_SUPPLY_SYSCALLS_TRUE=''
MKDIR_P='/bin/mkdir -p'
NEWLIB_CFLAGS=' -DMISSING_SYSCALL_NAMES -g -O2 -DREENTRANT_SYSCALLS_PROVIDED -DHOST_NAUTILUS -DMALLOC_PROVIDED -fno-omit-frame-pointer -ffreestanding -fno-stack-protector -fno-strict-aliasing -fno-strict-overflow -fno-delete-null-pointer-checks -mno-red-zone -mcmodel=large -Wall -Wno-unused-function -Wno-unused-variable -Wno-frame-address -fno-common -std=gnu99  -Wstrict-overflow=5 -DMISSING_SYSCALL_NAMES -fno-builtin'
NO_INCLUDE_LIST=' rpc/types.h rpc/xdr.h'
OBJEXT='o'
PACKAGE='newlib'
PACKAGE_BUGREPORT=''
PACKAGE_NAME='newlib'
PACKAGE_STRING='newlib 2.5.0'
PACKAGE_TARNAME='newlib'
PACKAGE_URL=''
PACKAGE_VERSION='2.5.0'
PATH_SEPARATOR=':'
RANLIB='ranlib'
READELF='x86_64-pc-nautilus-readelf'
SET_MAKE=''
SHELL='/bin/bash'
STRIP='x86_64-pc-nautilus-strip'
USE_LIBTOOL_FALSE=''
USE_LIBTOOL_TRUE='#'
VERSION='2.5.0'
aext='a'
am__fastdepCC_FALSE='#'
am__fastdepCC_TRUE=''
am__include='include'
am__isrc=' -I$(srcdir)'
am__leading_dot='.'
am__nodep='_no'
am__quote=''
am__tar='$${TAR-tar} chof - "$$tardir"'
am__untar='$${TAR-tar} xf -'
bindir='${exec_prefix}/bin'
build='x86_64-pc-linux-gnu'
build_alias='x86_64-pc-linux-gnu'
build_cpu='x86_64'
build_os='linux-gnu'
build_vendor='pc'
datadir='${datarootdir}'
datarootdir='${prefix}/share'
docdir='${datarootdir}/doc/${PACKAGE_TARNAME}'
dvidir='${docdir}'
exec_prefix='${prefix}'
host='x86_64-pc-nautilus'
host_alias='x86_64-pc-nautilus'
host_cpu='x86_64'
host_os='nautilus'
host_vendor='pc'
htmldir='${docdir}'
includedir='${prefix}/include'
infodir='${datarootdir}/info'
install_sh='${SHELL} /home/parallels/nautilus_newlib/newlib/src/install-sh'
libdir='${exec_prefix}/lib'
libexecdir='${exec_prefix}/libexec'
libm_machine_dir=''
localedir='${datarootdir}/locale'
localstatedir='${prefix}/var'
lpfx='lib_a-'
machine_dir='x86_64'
mandir='${datarootdir}/man'
mkdir_p='/bin/mkdir -p'
newlib_basedir='../../../../src/newlib/doc/..'
oext='o'
oldincludedir='/usr/include'
pdfdir='${docdir}'
prefix='/home/parallels/nautilus_newlib/newlib'
program_transform_name='s&^&x86_64-pc-nautilus-&'
psdir='${docdir}'
sbindir='${exec_prefix}/sbin'
sharedstatedir='${prefix}/com'
sys_dir='nautilus'
sysconfdir='${prefix}/etc'
target_alias='x86_64-pc-nautilus'

## ----------- ##
## confdefs.h. ##
## ----------- ##

/* confdefs.h */
#define PACKAGE_NAME "newlib"
#define PACKAGE_TARNAME "newlib"
#define PACKAGE_VERSION "2.5.0"
#define PACKAGE_STRING "newlib 2.5.0"
#define PACKAGE_BUGREPORT ""
#define PACKAGE_URL ""

configure: exit 0
