This file contains any messages produced by compilers while
running configure, to aid debugging if configure makes a mistake.

It was created by newlib configure 2.5.0, which was
generated by GNU Autoconf 2.68.  Invocation command line was

  $ ../../../../../../src/newlib/libc/sys/nautilus/configure --disable-option-checking --prefix=/home/parallels/nautilus_newlib/newlib --with-newlib --with-cross-host=x86_64-pc-linux-gnu --disable-multilib --disable-shared --disable-reentrant --program-transform-name=s&^&x86_64-pc-nautilus-& --with-target-subdir=x86_64-pc-nautilus --build=x86_64-pc-linux-gnu --host=x86_64-pc-nautilus --target=x86_64-pc-nautilus build_alias=x86_64-pc-linux-gnu host_alias=x86_64-pc-nautilus target_alias=x86_64-pc-nautilus CC=gcc -B/home/parallels/nautilus_newlib/newlib/build/x86_64-pc-nautilus/newlib/ -isystem /home/parallels/nautilus_newlib/newlib/build/x86_64-pc-nautilus/newlib/targ-include -isystem /home/parallels/nautilus_newlib/newlib/src/newlib/libc/include -B/home/parallels/nautilus_newlib/newlib/build/x86_64-pc-nautilus/libgloss/x86_64 -L/home/parallels/nautilus_newlib/newlib/build/x86_64-pc-nautilus/libgloss/libnosys -L/home/parallels/nautilus_newlib/newlib/src/libgloss/x86_64    CFLAGS=-g -O2 LDFLAGS= CPPFLAGS= --cache-file=../../.././config.cache --srcdir=../../../../../../src/newlib/libc/sys/nautilus

## --------- ##
## Platform. ##
## --------- ##

hostname = ubuntu
uname -m = x86_64
uname -r = 3.13.0-34-generic
uname -s = Linux
uname -v = #60-Ubuntu SMP Wed Aug 13 15:45:27 UTC 2014

/usr/bin/uname -p = unknown
/bin/uname -X     = unknown

/bin/arch              = unknown
/usr/bin/arch -k       = unknown
/usr/convex/getsysinfo = unknown
/usr/bin/hostinfo      = unknown
/bin/machine           = unknown
/usr/bin/oslevel       = unknown
/bin/universe          = unknown

PATH: /home/parallels/.cargo/bin
PATH: /home/parallels/.cargo/bin
PATH: /home/parallels/.cargo/bin
PATH: /home/parallels/.cargo/bin
PATH: /home/parallels/.cargo/bin
PATH: /home/parallels/.cargo/bin
PATH: /home/parallels/.cargo/bin
PATH: /home/parallels/bin
PATH: /usr/local/sbin
PATH: /usr/local/bin
PATH: /usr/sbin
PATH: /usr/bin
PATH: /sbin
PATH: /bin
PATH: /usr/games
PATH: /usr/local/games


## ----------- ##
## Core tests. ##
## ----------- ##

configure:1747: loading cache ../../.././config.cache
configure:1864: checking build system type
configure:1878: result: x86_64-pc-linux-gnu
configure:1898: checking host system type
configure:1911: result: x86_64-pc-nautilus
configure:1947: checking for a BSD-compatible install
configure:2015: result: /usr/bin/install -c
configure:2026: checking whether build environment is sane
configure:2081: result: yes
configure:2140: checking for x86_64-pc-nautilus-strip
configure:2167: result: x86_64-pc-nautilus-strip
configure:2232: checking for a thread-safe mkdir -p
configure:2271: result: /bin/mkdir -p
configure:2284: checking for gawk
configure:2311: result: gawk
configure:2322: checking whether make sets $(MAKE)
configure:2344: result: yes
configure:2374: checking for style of include used by make
configure:2402: result: GNU
configure:2612: checking for gcc
configure:2639: result: gcc -B/home/parallels/nautilus_newlib/newlib/build/x86_64-pc-nautilus/newlib/ -isystem /home/parallels/nautilus_newlib/newlib/build/x86_64-pc-nautilus/newlib/targ-include -isystem /home/parallels/nautilus_newlib/newlib/src/newlib/libc/include -B/home/parallels/nautilus_newlib/newlib/build/x86_64-pc-nautilus/libgloss/x86_64 -L/home/parallels/nautilus_newlib/newlib/build/x86_64-pc-nautilus/libgloss/libnosys -L/home/parallels/nautilus_newlib/newlib/src/libgloss/x86_64   
configure:2650: checking dependency style of gcc -B/home/parallels/nautilus_newlib/newlib/build/x86_64-pc-nautilus/newlib/ -isystem /home/parallels/nautilus_newlib/newlib/build/x86_64-pc-nautilus/newlib/targ-include -isystem /home/parallels/nautilus_newlib/newlib/src/newlib/libc/include -B/home/parallels/nautilus_newlib/newlib/build/x86_64-pc-nautilus/libgloss/x86_64 -L/home/parallels/nautilus_newlib/newlib/build/x86_64-pc-nautilus/libgloss/libnosys -L/home/parallels/nautilus_newlib/newlib/src/libgloss/x86_64   
configure:2761: result: gcc3
configure:2834: checking whether we are using GNU C
configure:2855: result: yes
configure:2864: checking whether gcc -B/home/parallels/nautilus_newlib/newlib/build/x86_64-pc-nautilus/newlib/ -isystem /home/parallels/nautilus_newlib/newlib/build/x86_64-pc-nautilus/newlib/targ-include -isystem /home/parallels/nautilus_newlib/newlib/src/newlib/libc/include -B/home/parallels/nautilus_newlib/newlib/build/x86_64-pc-nautilus/libgloss/x86_64 -L/home/parallels/nautilus_newlib/newlib/build/x86_64-pc-nautilus/libgloss/libnosys -L/home/parallels/nautilus_newlib/newlib/src/libgloss/x86_64    accepts -g
configure:2925: result: no
configure:2958: checking for x86_64-pc-nautilus-as
configure:2985: result: x86_64-pc-nautilus-as
configure:3050: checking for x86_64-pc-nautilus-ar
configure:3077: result: ar
configure:3142: checking for x86_64-pc-nautilus-ranlib
configure:3169: result: ranlib
configure:3234: checking for x86_64-pc-nautilus-readelf
configure:3261: result: x86_64-pc-nautilus-readelf
configure:3330: checking whether to enable maintainer-specific portions of Makefiles
configure:3339: result: no
configure:3460: checking for x86_64-pc-nautilus-gcc
configure:3487: result: gcc -B/home/parallels/nautilus_newlib/newlib/build/x86_64-pc-nautilus/newlib/ -isystem /home/parallels/nautilus_newlib/newlib/build/x86_64-pc-nautilus/newlib/targ-include -isystem /home/parallels/nautilus_newlib/newlib/src/newlib/libc/include -B/home/parallels/nautilus_newlib/newlib/build/x86_64-pc-nautilus/libgloss/x86_64 -L/home/parallels/nautilus_newlib/newlib/build/x86_64-pc-nautilus/libgloss/libnosys -L/home/parallels/nautilus_newlib/newlib/src/libgloss/x86_64   
configure:3562: checking for C compiler version
configure:3571: gcc -B/home/parallels/nautilus_newlib/newlib/build/x86_64-pc-nautilus/newlib/ -isystem /home/parallels/nautilus_newlib/newlib/build/x86_64-pc-nautilus/newlib/targ-include -isystem /home/parallels/nautilus_newlib/newlib/src/newlib/libc/include -B/home/parallels/nautilus_newlib/newlib/build/x86_64-pc-nautilus/libgloss/x86_64 -L/home/parallels/nautilus_newlib/newlib/build/x86_64-pc-nautilus/libgloss/libnosys -L/home/parallels/nautilus_newlib/newlib/src/libgloss/x86_64    --version >&5
gcc (Ubuntu 7.1.0-5ubuntu2~14.04) 7.1.0
Copyright (C) 2017 Free Software Foundation, Inc.
This is free software; see the source for copying conditions.  There is NO
warranty; not even for MERCHANTABILITY or FITNESS FOR A PARTICULAR PURPOSE.

configure:3582: $? = 0
configure:3571: gcc -B/home/parallels/nautilus_newlib/newlib/build/x86_64-pc-nautilus/newlib/ -isystem /home/parallels/nautilus_newlib/newlib/build/x86_64-pc-nautilus/newlib/targ-include -isystem /home/parallels/nautilus_newlib/newlib/src/newlib/libc/include -B/home/parallels/nautilus_newlib/newlib/build/x86_64-pc-nautilus/libgloss/x86_64 -L/home/parallels/nautilus_newlib/newlib/build/x86_64-pc-nautilus/libgloss/libnosys -L/home/parallels/nautilus_newlib/newlib/src/libgloss/x86_64    -v >&5
Using built-in specs.
COLLECT_GCC=gcc
COLLECT_LTO_WRAPPER=/usr/lib/gcc/x86_64-linux-gnu/7/lto-wrapper
OFFLOAD_TARGET_NAMES=nvptx-none
OFFLOAD_TARGET_DEFAULT=1
Target: x86_64-linux-gnu
Configured with: ../src/configure -v --with-pkgversion='Ubuntu 7.1.0-5ubuntu2~14.04' --with-bugurl=file:///usr/share/doc/gcc-7/README.Bugs --enable-languages=c,ada,c++,go,brig,d,fortran,objc,obj-c++ --prefix=/usr --with-gcc-major-version-only --program-suffix=-7 --program-prefix=x86_64-linux-gnu- --enable-shared --enable-linker-build-id --libexecdir=/usr/lib --without-included-gettext --enable-threads=posix --libdir=/usr/lib --enable-nls --with-sysroot=/ --enable-clocale=gnu --enable-libstdcxx-debug --enable-libstdcxx-time=yes --with-default-libstdcxx-abi=gcc4-compatible --disable-libstdcxx-dual-abi --enable-gnu-unique-object --disable-vtable-verify --enable-libmpx --enable-plugin --with-system-zlib --with-target-system-zlib --enable-objc-gc=auto --enable-multiarch --disable-werror --with-arch-32=i686 --with-abi=m64 --with-multilib-list=m32,m64,mx32 --enable-multilib --with-tune=generic --enable-offload-targets=nvptx-none --without-cuda-driver --enable-checking=release --build=x86_64-linux-gnu --host=x86_64-linux-gnu --target=x86_64-linux-gnu
Thread model: posix
gcc version 7.1.0 (Ubuntu 7.1.0-5ubuntu2~14.04) 
configure:3582: $? = 0
configure:3571: gcc -B/home/parallels/nautilus_newlib/newlib/build/x86_64-pc-nautilus/newlib/ -isystem /home/parallels/nautilus_newlib/newlib/build/x86_64-pc-nautilus/newlib/targ-include -isystem /home/parallels/nautilus_newlib/newlib/src/newlib/libc/include -B/home/parallels/nautilus_newlib/newlib/build/x86_64-pc-nautilus/libgloss/x86_64 -L/home/parallels/nautilus_newlib/newlib/build/x86_64-pc-nautilus/libgloss/libnosys -L/home/parallels/nautilus_newlib/newlib/src/libgloss/x86_64    -V >&5
gcc: error: unrecognized command line option '-V'
gcc: fatal error: no input files
compilation terminated.
configure:3582: $? = 1
configure:3571: gcc -B/home/parallels/nautilus_newlib/newlib/build/x86_64-pc-nautilus/newlib/ -isystem /home/parallels/nautilus_newlib/newlib/build/x86_64-pc-nautilus/newlib/targ-include -isystem /home/parallels/nautilus_newlib/newlib/src/newlib/libc/include -B/home/parallels/nautilus_newlib/newlib/build/x86_64-pc-nautilus/libgloss/x86_64 -L/home/parallels/nautilus_newlib/newlib/build/x86_64-pc-nautilus/libgloss/libnosys -L/home/parallels/nautilus_newlib/newlib/src/libgloss/x86_64    -qversion >&5
gcc: error: unrecognized command line option '-qversion'; did you mean '--version'?
gcc: fatal error: no input files
compilation terminated.
configure:3582: $? = 1
configure:3602: checking whether the C compiler works
configure:3624: gcc -B/home/parallels/nautilus_newlib/newlib/build/x86_64-pc-nautilus/newlib/ -isystem /home/parallels/nautilus_newlib/newlib/build/x86_64-pc-nautilus/newlib/targ-include -isystem /home/parallels/nautilus_newlib/newlib/src/newlib/libc/include -B/home/parallels/nautilus_newlib/newlib/build/x86_64-pc-nautilus/libgloss/x86_64 -L/home/parallels/nautilus_newlib/newlib/build/x86_64-pc-nautilus/libgloss/libnosys -L/home/parallels/nautilus_newlib/newlib/src/libgloss/x86_64    -g -O2   conftest.c  >&5
configure:3628: $? = 0
configure:3676: result: yes
configure:3679: checking for C compiler default output file name
configure:3681: result: a.out
configure:3687: checking for suffix of executables
configure:3694: gcc -B/home/parallels/nautilus_newlib/newlib/build/x86_64-pc-nautilus/newlib/ -isystem /home/parallels/nautilus_newlib/newlib/build/x86_64-pc-nautilus/newlib/targ-include -isystem /home/parallels/nautilus_newlib/newlib/src/newlib/libc/include -B/home/parallels/nautilus_newlib/newlib/build/x86_64-pc-nautilus/libgloss/x86_64 -L/home/parallels/nautilus_newlib/newlib/build/x86_64-pc-nautilus/libgloss/libnosys -L/home/parallels/nautilus_newlib/newlib/src/libgloss/x86_64    -o conftest -g -O2   conftest.c  >&5
configure:3698: $? = 0
configure:3720: result: 
configure:3742: checking whether we are cross compiling
configure:3780: result: yes
configure:3785: checking for suffix of object files
configure:3807: gcc -B/home/parallels/nautilus_newlib/newlib/build/x86_64-pc-nautilus/newlib/ -isystem /home/parallels/nautilus_newlib/newlib/build/x86_64-pc-nautilus/newlib/targ-include -isystem /home/parallels/nautilus_newlib/newlib/src/newlib/libc/include -B/home/parallels/nautilus_newlib/newlib/build/x86_64-pc-nautilus/libgloss/x86_64 -L/home/parallels/nautilus_newlib/newlib/build/x86_64-pc-nautilus/libgloss/libnosys -L/home/parallels/nautilus_newlib/newlib/src/libgloss/x86_64    -c -g -O2  conftest.c >&5
configure:3811: $? = 0
configure:3832: result: o
configure:3836: checking whether we are using the GNU C compiler
configure:3864: result: yes
configure:3873: checking whether gcc -B/home/parallels/nautilus_newlib/newlib/build/x86_64-pc-nautilus/newlib/ -isystem /home/parallels/nautilus_newlib/newlib/build/x86_64-pc-nautilus/newlib/targ-include -isystem /home/parallels/nautilus_newlib/newlib/src/newlib/libc/include -B/home/parallels/nautilus_newlib/newlib/build/x86_64-pc-nautilus/libgloss/x86_64 -L/home/parallels/nautilus_newlib/newlib/build/x86_64-pc-nautilus/libgloss/libnosys -L/home/parallels/nautilus_newlib/newlib/src/libgloss/x86_64    accepts -g
configure:3934: result: no
configure:3951: checking for gcc -B/home/parallels/nautilus_newlib/newlib/build/x86_64-pc-nautilus/newlib/ -isystem /home/parallels/nautilus_newlib/newlib/build/x86_64-pc-nautilus/newlib/targ-include -isystem /home/parallels/nautilus_newlib/newlib/src/newlib/libc/include -B/home/parallels/nautilus_newlib/newlib/build/x86_64-pc-nautilus/libgloss/x86_64 -L/home/parallels/nautilus_newlib/newlib/build/x86_64-pc-nautilus/libgloss/libnosys -L/home/parallels/nautilus_newlib/newlib/src/libgloss/x86_64    option to accept ISO C89
configure:4015: gcc -B/home/parallels/nautilus_newlib/newlib/build/x86_64-pc-nautilus/newlib/ -isystem /home/parallels/nautilus_newlib/newlib/build/x86_64-pc-nautilus/newlib/targ-include -isystem /home/parallels/nautilus_newlib/newlib/src/newlib/libc/include -B/home/parallels/nautilus_newlib/newlib/build/x86_64-pc-nautilus/libgloss/x86_64 -L/home/parallels/nautilus_newlib/newlib/build/x86_64-pc-nautilus/libgloss/libnosys -L/home/parallels/nautilus_newlib/newlib/src/libgloss/x86_64     -c -g -O2  conftest.c >&5
configure:4015: $? = 0
configure:4028: result: none needed
configure:4050: checking dependency style of gcc -B/home/parallels/nautilus_newlib/newlib/build/x86_64-pc-nautilus/newlib/ -isystem /home/parallels/nautilus_newlib/newlib/build/x86_64-pc-nautilus/newlib/targ-include -isystem /home/parallels/nautilus_newlib/newlib/src/newlib/libc/include -B/home/parallels/nautilus_newlib/newlib/build/x86_64-pc-nautilus/libgloss/x86_64 -L/home/parallels/nautilus_newlib/newlib/build/x86_64-pc-nautilus/libgloss/libnosys -L/home/parallels/nautilus_newlib/newlib/src/libgloss/x86_64   
configure:4161: result: gcc3
configure:4241: updating cache ../../.././config.cache
configure:4325: checking that generated files are newer than configure
configure:4331: result: done
configure:4386: creating ./config.status

## ---------------------- ##
## Running config.status. ##
## ---------------------- ##

This file was extended by newlib config.status 2.5.0, which was
generated by GNU Autoconf 2.68.  Invocation command line was

  CONFIG_FILES    = 
  CONFIG_HEADERS  = 
  CONFIG_LINKS    = 
  CONFIG_COMMANDS = 
  $ ./config.status 

on ubuntu

config.status:828: creating Makefile
config.status:985: executing depfiles commands

## ---------------- ##
## Cache variables. ##
## ---------------- ##

ac_cv_build=x86_64-pc-linux-gnu
ac_cv_c_compiler_gnu=yes
ac_cv_env_CCASFLAGS_set=
ac_cv_env_CCASFLAGS_value=
ac_cv_env_CCAS_set=
ac_cv_env_CCAS_value=
ac_cv_env_CC_set=set
ac_cv_env_CC_value='gcc -B/home/parallels/nautilus_newlib/newlib/build/x86_64-pc-nautilus/newlib/ -isystem /home/parallels/nautilus_newlib/newlib/build/x86_64-pc-nautilus/newlib/targ-include -isystem /home/parallels/nautilus_newlib/newlib/src/newlib/libc/include -B/home/parallels/nautilus_newlib/newlib/build/x86_64-pc-nautilus/libgloss/x86_64 -L/home/parallels/nautilus_newlib/newlib/build/x86_64-pc-nautilus/libgloss/libnosys -L/home/parallels/nautilus_newlib/newlib/src/libgloss/x86_64   '
ac_cv_env_CFLAGS_set=set
ac_cv_env_CFLAGS_value='-g -O2'
ac_cv_env_CPPFLAGS_set=set
ac_cv_env_CPPFLAGS_value=
ac_cv_env_CPP_set=
ac_cv_env_CPP_value=
ac_cv_env_LDFLAGS_set=set
ac_cv_env_LDFLAGS_value=
ac_cv_env_LIBS_set=
ac_cv_env_LIBS_value=
ac_cv_env_build_alias_set=set
ac_cv_env_build_alias_value=x86_64-pc-linux-gnu
ac_cv_env_host_alias_set=set
ac_cv_env_host_alias_value=x86_64-pc-nautilus
ac_cv_env_target_alias_set=set
ac_cv_env_target_alias_value=x86_64-pc-nautilus
ac_cv_host=x86_64-pc-nautilus
ac_cv_objext=o
ac_cv_path_SED=/bin/sed
ac_cv_path_mkdir=/bin/mkdir
ac_cv_prog_AR=ar
ac_cv_prog_AS=x86_64-pc-nautilus-as
ac_cv_prog_AWK=gawk
ac_cv_prog_CC='gcc -B/home/parallels/nautilus_newlib/newlib/build/x86_64-pc-nautilus/newlib/ -isystem /home/parallels/nautilus_newlib/newlib/build/x86_64-pc-nautilus/newlib/targ-include -isystem /home/parallels/nautilus_newlib/newlib/src/newlib/libc/include -B/home/parallels/nautilus_newlib/newlib/build/x86_64-pc-nautilus/libgloss/x86_64 -L/home/parallels/nautilus_newlib/newlib/build/x86_64-pc-nautilus/libgloss/libnosys -L/home/parallels/nautilus_newlib/newlib/src/libgloss/x86_64   '
ac_cv_prog_RANLIB=ranlib
ac_cv_prog_READELF=x86_64-pc-nautilus-readelf
ac_cv_prog_STRIP=x86_64-pc-nautilus-strip
ac_cv_prog_cc_c89=
ac_cv_prog_cc_g=no
ac_cv_prog_make_make_set=yes
acnewlib_cv_type_long_double=yes
am_cv_CC_dependencies_compiler_type=gcc3
libc_cv_cc_loop_to_function=yes
libc_cv_initfinit_array=no
newlib_cv_ldbl_eq_dbl=no

## ----------------- ##
## Output variables. ##
## ----------------- ##

ACLOCAL='${SHELL} /home/parallels/nautilus_newlib/newlib/src/missing --run aclocal-1.12'
AMDEPBACKSLASH='\'
AMDEP_FALSE='#'
AMDEP_TRUE=''
AMTAR='$${TAR-tar}'
AR='ar'
AS='x86_64-pc-nautilus-as'
AUTOCONF='${SHELL} /home/parallels/nautilus_newlib/newlib/src/missing --run autoconf'
AUTOHEADER='${SHELL} /home/parallels/nautilus_newlib/newlib/src/missing --run autoheader'
AUTOMAKE='${SHELL} /home/parallels/nautilus_newlib/newlib/src/missing --run automake-1.12'
AWK='gawk'
CC='gcc -B/home/parallels/nautilus_newlib/newlib/build/x86_64-pc-nautilus/newlib/ -isystem /home/parallels/nautilus_newlib/newlib/build/x86_64-pc-nautilus/newlib/targ-include -isystem /home/parallels/nautilus_newlib/newlib/src/newlib/libc/include -B/home/parallels/nautilus_newlib/newlib/build/x86_64-pc-nautilus/libgloss/x86_64 -L/home/parallels/nautilus_newlib/newlib/build/x86_64-pc-nautilus/libgloss/libnosys -L/home/parallels/nautilus_newlib/newlib/src/libgloss/x86_64   '
CCAS='gcc -B/home/parallels/nautilus_newlib/newlib/build/x86_64-pc-nautilus/newlib/ -isystem /home/parallels/nautilus_newlib/newlib/build/x86_64-pc-nautilus/newlib/targ-include -isystem /home/parallels/nautilus_newlib/newlib/src/newlib/libc/include -B/home/parallels/nautilus_newlib/newlib/build/x86_64-pc-nautilus/libgloss/x86_64 -L/home/parallels/nautilus_newlib/newlib/build/x86_64-pc-nautilus/libgloss/libnosys -L/home/parallels/nautilus_newlib/newlib/src/libgloss/x86_64   '
CCASFLAGS='-g -O2'
CCDEPMODE='depmode=gcc3'
CFLAGS='-g -O2'
CPPFLAGS=''
CYGPATH_W='echo'
DEFS='-DPACKAGE_NAME=\"newlib\" -DPACKAGE_TARNAME=\"newlib\" -DPACKAGE_VERSION=\"2.5.0\" -DPACKAGE_STRING=\"newlib\ 2.5.0\" -DPACKAGE_BUGREPORT=\"\" -DPACKAGE_URL=\"\"'
DEPDIR='.deps'
ECHO_C=''
ECHO_N='-n'
ECHO_T=''
ELIX_LEVEL_0_FALSE='#'
ELIX_LEVEL_0_TRUE=''
ELIX_LEVEL_1_FALSE=''
ELIX_LEVEL_1_TRUE='#'
ELIX_LEVEL_2_FALSE=''
ELIX_LEVEL_2_TRUE='#'
ELIX_LEVEL_3_FALSE=''
ELIX_LEVEL_3_TRUE='#'
ELIX_LEVEL_4_FALSE=''
ELIX_LEVEL_4_TRUE='#'
EXEEXT=''
INSTALL_DATA='/usr/bin/install -c -m 644'
INSTALL_PROGRAM='/usr/bin/install -c'
INSTALL_SCRIPT='/usr/bin/install -c'
INSTALL_STRIP_PROGRAM='$(install_sh) -c -s'
LDFLAGS=''
LIBOBJS=''
LIBS=''
LTLIBOBJS=''
MAINT='#'
MAINTAINER_MODE_FALSE=''
MAINTAINER_MODE_TRUE='#'
MAKEINFO='makeinfo --split-size=5000000'
MAY_SUPPLY_SYSCALLS_FALSE='#'
MAY_SUPPLY_SYSCALLS_TRUE=''
MKDIR_P='/bin/mkdir -p'
NEWLIB_CFLAGS=' -DMISSING_SYSCALL_NAMES -g -O2 -DREENTRANT_SYSCALLS_PROVIDED -DHOST_NAUTILUS -DMALLOC_PROVIDED -fno-omit-frame-pointer -ffreestanding -fno-stack-protector -fno-strict-aliasing -fno-strict-overflow -fno-delete-null-pointer-checks -mno-red-zone -mcmodel=large -Wall -Wno-unused-function -Wno-unused-variable -Wno-frame-address -fno-common -std=gnu99  -Wstrict-overflow=5 -DMISSING_SYSCALL_NAMES -fno-builtin'
NO_INCLUDE_LIST=' rpc/types.h rpc/xdr.h'
OBJEXT='o'
PACKAGE='newlib'
PACKAGE_BUGREPORT=''
PACKAGE_NAME='newlib'
PACKAGE_STRING='newlib 2.5.0'
PACKAGE_TARNAME='newlib'
PACKAGE_URL=''
PACKAGE_VERSION='2.5.0'
PATH_SEPARATOR=':'
RANLIB='ranlib'
READELF='x86_64-pc-nautilus-readelf'
SET_MAKE=''
SHELL='/bin/bash'
STRIP='x86_64-pc-nautilus-strip'
USE_LIBTOOL_FALSE=''
USE_LIBTOOL_TRUE='#'
VERSION='2.5.0'
ac_ct_CC=''
aext='a'
am__EXEEXT_FALSE=''
am__EXEEXT_TRUE='#'
am__fastdepCC_FALSE='#'
am__fastdepCC_TRUE=''
am__include='include'
am__isrc=' -I$(srcdir)'
am__leading_dot='.'
am__nodep='_no'
am__quote=''
am__tar='$${TAR-tar} chof - "$$tardir"'
am__untar='$${TAR-tar} xf -'
bindir='${exec_prefix}/bin'
build='x86_64-pc-linux-gnu'
build_alias='x86_64-pc-linux-gnu'
build_cpu='x86_64'
build_os='linux-gnu'
build_vendor='pc'
datadir='${datarootdir}'
datarootdir='${prefix}/share'
docdir='${datarootdir}/doc/${PACKAGE_TARNAME}'
dvidir='${docdir}'
exec_prefix='${prefix}'
host='x86_64-pc-nautilus'
host_alias='x86_64-pc-nautilus'
host_cpu='x86_64'
host_os='nautilus'
host_vendor='pc'
htmldir='${docdir}'
includedir='${prefix}/include'
infodir='${datarootdir}/info'
install_sh='${SHELL} /home/parallels/nautilus_newlib/newlib/src/install-sh'
libdir='${exec_prefix}/lib'
libexecdir='${exec_prefix}/libexec'
libm_machine_dir=''
localedir='${datarootdir}/locale'
localstatedir='${prefix}/var'
lpfx='lib_a-'
machine_dir='x86_64'
mandir='${datarootdir}/man'
mkdir_p='/bin/mkdir -p'
newlib_basedir='../../../../../../src/newlib/libc/sys/nautilus/../../..'
oext='o'
oldincludedir='/usr/include'
pdfdir='${docdir}'
prefix='/home/parallels/nautilus_newlib/newlib'
program_transform_name='s&^&x86_64-pc-nautilus-&'
psdir='${docdir}'
sbindir='${exec_prefix}/sbin'
sharedstatedir='${prefix}/com'
sys_dir='nautilus'
sysconfdir='${prefix}/etc'
target_alias='x86_64-pc-nautilus'

## ----------- ##
## confdefs.h. ##
## ----------- ##

/* confdefs.h */
#define PACKAGE_NAME "newlib"
#define PACKAGE_TARNAME "newlib"
#define PACKAGE_VERSION "2.5.0"
#define PACKAGE_STRING "newlib 2.5.0"
#define PACKAGE_BUGREPORT ""
#define PACKAGE_URL ""

configure: exit 0
