This file contains any messages produced by compilers while
running configure, to aid debugging if configure makes a mistake.

It was created by configure, which was
generated by GNU Autoconf 2.61.  Invocation command line was

  $ ../../../../src/libgloss/doc/configure --disable-option-checking --prefix=/home/parallels/nautilus_newlib/newlib --with-newlib --with-cross-host=x86_64-pc-linux-gnu --disable-multilib --disable-shared --disable-reentrant --program-transform-name=s&^&x86_64-pc-nautilus-& --with-target-subdir=x86_64-pc-nautilus --build=x86_64-pc-linux-gnu --host=x86_64-pc-nautilus --target=x86_64-pc-nautilus build_alias=x86_64-pc-linux-gnu host_alias=x86_64-pc-nautilus target_alias=x86_64-pc-nautilus --cache-file=.././config.cache --srcdir=../../../../src/libgloss/doc

## --------- ##
## Platform. ##
## --------- ##

hostname = ubuntu
uname -m = x86_64
uname -r = 3.13.0-34-generic
uname -s = Linux
uname -v = #60-Ubuntu SMP Wed Aug 13 15:45:27 UTC 2014

/usr/bin/uname -p = unknown
/bin/uname -X     = unknown

/bin/arch              = unknown
/usr/bin/arch -k       = unknown
/usr/convex/getsysinfo = unknown
/usr/bin/hostinfo      = unknown
/bin/machine           = unknown
/usr/bin/oslevel       = unknown
/bin/universe          = unknown

PATH: /home/parallels/.cargo/bin
PATH: /home/parallels/.cargo/bin
PATH: /home/parallels/.cargo/bin
PATH: /home/parallels/.cargo/bin
PATH: /home/parallels/.cargo/bin
PATH: /home/parallels/.cargo/bin
PATH: /home/parallels/.cargo/bin
PATH: /home/parallels/bin
PATH: /usr/local/sbin
PATH: /usr/local/bin
PATH: /usr/sbin
PATH: /usr/bin
PATH: /sbin
PATH: /bin
PATH: /usr/games
PATH: /usr/local/games


## ----------- ##
## Core tests. ##
## ----------- ##

configure:1525: loading cache .././config.cache
configure:1692: checking for a BSD-compatible install
configure:1748: result: /usr/bin/install -c
configure:1892: creating ./config.status

## ---------------------- ##
## Running config.status. ##
## ---------------------- ##

This file was extended by config.status, which was
generated by GNU Autoconf 2.61.  Invocation command line was

  CONFIG_FILES    = 
  CONFIG_HEADERS  = 
  CONFIG_LINKS    = 
  CONFIG_COMMANDS = 
  $ ./config.status 

on ubuntu

config.status:568: creating Makefile

## ---------------- ##
## Cache variables. ##
## ---------------- ##

ac_cv_build=x86_64-pc-linux-gnu
ac_cv_c_compiler_gnu=yes
ac_cv_env_CCASFLAGS_set=
ac_cv_env_CCASFLAGS_value=
ac_cv_env_CCAS_set=
ac_cv_env_CCAS_value=
ac_cv_env_build_alias_set=set
ac_cv_env_build_alias_value=x86_64-pc-linux-gnu
ac_cv_env_host_alias_set=set
ac_cv_env_host_alias_value=x86_64-pc-nautilus
ac_cv_env_target_alias_set=set
ac_cv_env_target_alias_value=x86_64-pc-nautilus
ac_cv_host=x86_64-pc-nautilus
ac_cv_prog_AR=ar
ac_cv_prog_AWK=gawk
ac_cv_prog_CC='gcc -B/home/parallels/nautilus_newlib/newlib/build/x86_64-pc-nautilus/newlib/ -isystem /home/parallels/nautilus_newlib/newlib/build/x86_64-pc-nautilus/newlib/targ-include -isystem /home/parallels/nautilus_newlib/newlib/src/newlib/libc/include -B/home/parallels/nautilus_newlib/newlib/build/x86_64-pc-nautilus/libgloss/x86_64 -L/home/parallels/nautilus_newlib/newlib/build/x86_64-pc-nautilus/libgloss/libnosys -L/home/parallels/nautilus_newlib/newlib/src/libgloss/x86_64   '
ac_cv_prog_RANLIB=ranlib
ac_cv_prog_STRIP=x86_64-pc-nautilus-strip
ac_cv_prog_cc_g=no
ac_cv_prog_make_make_set=yes
ac_cv_target=x86_64-pc-nautilus
am_cv_CC_dependencies_compiler_type=gcc3

## ----------------- ##
## Output variables. ##
## ----------------- ##

DEFS='-DPACKAGE_NAME=\"\" -DPACKAGE_TARNAME=\"\" -DPACKAGE_VERSION=\"\" -DPACKAGE_STRING=\"\" -DPACKAGE_BUGREPORT=\"\"'
ECHO_C=''
ECHO_N='-n'
ECHO_T=''
INSTALL_DATA='/usr/bin/install -c -m 644'
INSTALL_PROGRAM='/usr/bin/install -c'
INSTALL_SCRIPT='/usr/bin/install -c'
LIBOBJS=''
LIBS=''
LTLIBOBJS=''
PACKAGE_BUGREPORT=''
PACKAGE_NAME=''
PACKAGE_STRING=''
PACKAGE_TARNAME=''
PACKAGE_VERSION=''
PATH_SEPARATOR=':'
SHELL='/bin/bash'
bindir='${exec_prefix}/bin'
build_alias='x86_64-pc-linux-gnu'
datadir='${datarootdir}'
datarootdir='${prefix}/share'
docdir='${datarootdir}/doc/${PACKAGE}'
dvidir='${docdir}'
exec_prefix='${prefix}'
host_alias='x86_64-pc-nautilus'
htmldir='${docdir}'
includedir='${prefix}/include'
infodir='${datarootdir}/info'
libdir='${exec_prefix}/lib'
libexecdir='${exec_prefix}/libexec'
localedir='${datarootdir}/locale'
localstatedir='${prefix}/var'
mandir='${datarootdir}/man'
oldincludedir='/usr/include'
pdfdir='${docdir}'
prefix='/home/parallels/nautilus_newlib/newlib'
program_transform_name='s&^&x86_64-pc-nautilus-&'
psdir='${docdir}'
sbindir='${exec_prefix}/sbin'
sharedstatedir='${prefix}/com'
sysconfdir='${prefix}/etc'
target_alias='x86_64-pc-nautilus'

## ----------- ##
## confdefs.h. ##
## ----------- ##

#define PACKAGE_NAME ""
#define PACKAGE_TARNAME ""
#define PACKAGE_VERSION ""
#define PACKAGE_STRING ""
#define PACKAGE_BUGREPORT ""

configure: exit 0
